{"/Users/user/Desktop/DEV/stack/notes_test/part2/src/App.jsx": {"path":"/Users/user/Desktop/DEV/stack/notes_test/part2/src/App.jsx","statementMap":{"0":{"start":{"line":11,"column":12},"end":{"line":155,"column":1}},"1":{"start":{"line":12,"column":28},"end":{"line":12,"column":40}},"2":{"start":{"line":13,"column":32},"end":{"line":13,"column":46}},"3":{"start":{"line":14,"column":42},"end":{"line":14,"column":56}},"4":{"start":{"line":15,"column":34},"end":{"line":15,"column":46}},"5":{"start":{"line":16,"column":34},"end":{"line":16,"column":46}},"6":{"start":{"line":17,"column":26},"end":{"line":17,"column":40}},"7":{"start":{"line":18,"column":42},"end":{"line":18,"column":57}},"8":{"start":{"line":20,"column":2},"end":{"line":24,"column":8}},"9":{"start":{"line":21,"column":4},"end":{"line":23,"column":6}},"10":{"start":{"line":22,"column":6},"end":{"line":22,"column":28}},"11":{"start":{"line":26,"column":2},"end":{"line":33,"column":8}},"12":{"start":{"line":27,"column":27},"end":{"line":27,"column":75}},"13":{"start":{"line":28,"column":4},"end":{"line":32,"column":5}},"14":{"start":{"line":29,"column":19},"end":{"line":29,"column":45}},"15":{"start":{"line":30,"column":6},"end":{"line":30,"column":19}},"16":{"start":{"line":31,"column":6},"end":{"line":31,"column":38}},"17":{"start":{"line":35,"column":22},"end":{"line":35,"column":30}},"18":{"start":{"line":37,"column":2},"end":{"line":39,"column":3}},"19":{"start":{"line":38,"column":4},"end":{"line":38,"column":15}},"20":{"start":{"line":41,"column":22},"end":{"line":57,"column":3}},"21":{"start":{"line":42,"column":4},"end":{"line":42,"column":26}},"22":{"start":{"line":43,"column":4},"end":{"line":56,"column":5}},"23":{"start":{"line":44,"column":19},"end":{"line":44,"column":67}},"24":{"start":{"line":46,"column":6},"end":{"line":46,"column":76}},"25":{"start":{"line":47,"column":6},"end":{"line":47,"column":38}},"26":{"start":{"line":48,"column":6},"end":{"line":48,"column":19}},"27":{"start":{"line":49,"column":6},"end":{"line":49,"column":21}},"28":{"start":{"line":50,"column":6},"end":{"line":50,"column":21}},"29":{"start":{"line":52,"column":6},"end":{"line":52,"column":42}},"30":{"start":{"line":53,"column":6},"end":{"line":55,"column":14}},"31":{"start":{"line":54,"column":8},"end":{"line":54,"column":29}},"32":{"start":{"line":59,"column":29},"end":{"line":76,"column":3}},"33":{"start":{"line":60,"column":17},"end":{"line":60,"column":47}},"34":{"start":{"line":60,"column":35},"end":{"line":60,"column":46}},"35":{"start":{"line":61,"column":24},"end":{"line":61,"column":63}},"36":{"start":{"line":63,"column":4},"end":{"line":75,"column":8}},"37":{"start":{"line":66,"column":8},"end":{"line":66,"column":77}},"38":{"start":{"line":66,"column":38},"end":{"line":66,"column":74}},"39":{"start":{"line":69,"column":8},"end":{"line":71,"column":9}},"40":{"start":{"line":72,"column":8},"end":{"line":74,"column":16}},"41":{"start":{"line":73,"column":10},"end":{"line":73,"column":31}},"42":{"start":{"line":78,"column":18},"end":{"line":91,"column":3}},"43":{"start":{"line":79,"column":4},"end":{"line":79,"column":42}},"44":{"start":{"line":80,"column":4},"end":{"line":90,"column":8}},"45":{"start":{"line":83,"column":8},"end":{"line":83,"column":44}},"46":{"start":{"line":86,"column":8},"end":{"line":86,"column":50}},"47":{"start":{"line":87,"column":8},"end":{"line":89,"column":16}},"48":{"start":{"line":88,"column":10},"end":{"line":88,"column":31}},"49":{"start":{"line":93,"column":20},"end":{"line":114,"column":3}},"50":{"start":{"line":94,"column":28},"end":{"line":94,"column":67}},"51":{"start":{"line":95,"column":28},"end":{"line":95,"column":67}},"52":{"start":{"line":97,"column":4},"end":{"line":113,"column":5}},"53":{"start":{"line":100,"column":33},"end":{"line":100,"column":54}},"54":{"start":{"line":106,"column":50},"end":{"line":106,"column":75}},"55":{"start":{"line":107,"column":50},"end":{"line":107,"column":75}},"56":{"start":{"line":110,"column":33},"end":{"line":110,"column":55}},"57":{"start":{"line":116,"column":19},"end":{"line":120,"column":3}},"58":{"start":{"line":117,"column":4},"end":{"line":119,"column":16}},"59":{"start":{"line":122,"column":22},"end":{"line":124,"column":53}},"60":{"start":{"line":124,"column":29},"end":{"line":124,"column":52}},"61":{"start":{"line":126,"column":2},"end":{"line":154,"column":3}},"62":{"start":{"line":139,"column":31},"end":{"line":139,"column":51}},"63":{"start":{"line":145,"column":10},"end":{"line":149,"column":12}},"64":{"start":{"line":148,"column":36},"end":{"line":148,"column":63}}},"fnMap":{"0":{"name":"(anonymous_0)","decl":{"start":{"line":11,"column":12},"end":{"line":11,"column":13}},"loc":{"start":{"line":11,"column":18},"end":{"line":155,"column":1}},"line":11},"1":{"name":"(anonymous_1)","decl":{"start":{"line":20,"column":12},"end":{"line":20,"column":13}},"loc":{"start":{"line":20,"column":18},"end":{"line":24,"column":3}},"line":20},"2":{"name":"(anonymous_2)","decl":{"start":{"line":21,"column":30},"end":{"line":21,"column":31}},"loc":{"start":{"line":21,"column":48},"end":{"line":23,"column":5}},"line":21},"3":{"name":"(anonymous_3)","decl":{"start":{"line":26,"column":12},"end":{"line":26,"column":13}},"loc":{"start":{"line":26,"column":18},"end":{"line":33,"column":3}},"line":26},"4":{"name":"(anonymous_4)","decl":{"start":{"line":41,"column":22},"end":{"line":41,"column":23}},"loc":{"start":{"line":41,"column":39},"end":{"line":57,"column":3}},"line":41},"5":{"name":"(anonymous_5)","decl":{"start":{"line":53,"column":17},"end":{"line":53,"column":18}},"loc":{"start":{"line":53,"column":23},"end":{"line":55,"column":7}},"line":53},"6":{"name":"(anonymous_6)","decl":{"start":{"line":59,"column":29},"end":{"line":59,"column":30}},"loc":{"start":{"line":59,"column":37},"end":{"line":76,"column":3}},"line":59},"7":{"name":"(anonymous_7)","decl":{"start":{"line":60,"column":28},"end":{"line":60,"column":29}},"loc":{"start":{"line":60,"column":35},"end":{"line":60,"column":46}},"line":60},"8":{"name":"(anonymous_8)","decl":{"start":{"line":65,"column":12},"end":{"line":65,"column":13}},"loc":{"start":{"line":65,"column":30},"end":{"line":67,"column":7}},"line":65},"9":{"name":"(anonymous_9)","decl":{"start":{"line":66,"column":27},"end":{"line":66,"column":28}},"loc":{"start":{"line":66,"column":38},"end":{"line":66,"column":74}},"line":66},"10":{"name":"(anonymous_10)","decl":{"start":{"line":68,"column":13},"end":{"line":68,"column":14}},"loc":{"start":{"line":68,"column":24},"end":{"line":75,"column":7}},"line":68},"11":{"name":"(anonymous_11)","decl":{"start":{"line":72,"column":19},"end":{"line":72,"column":20}},"loc":{"start":{"line":72,"column":25},"end":{"line":74,"column":9}},"line":72},"12":{"name":"(anonymous_12)","decl":{"start":{"line":78,"column":18},"end":{"line":78,"column":19}},"loc":{"start":{"line":78,"column":34},"end":{"line":91,"column":3}},"line":78},"13":{"name":"(anonymous_13)","decl":{"start":{"line":82,"column":12},"end":{"line":82,"column":13}},"loc":{"start":{"line":82,"column":30},"end":{"line":84,"column":7}},"line":82},"14":{"name":"(anonymous_14)","decl":{"start":{"line":85,"column":13},"end":{"line":85,"column":14}},"loc":{"start":{"line":85,"column":24},"end":{"line":90,"column":7}},"line":85},"15":{"name":"(anonymous_15)","decl":{"start":{"line":87,"column":19},"end":{"line":87,"column":20}},"loc":{"start":{"line":87,"column":25},"end":{"line":89,"column":9}},"line":87},"16":{"name":"(anonymous_16)","decl":{"start":{"line":93,"column":20},"end":{"line":93,"column":21}},"loc":{"start":{"line":93,"column":26},"end":{"line":114,"column":3}},"line":93},"17":{"name":"(anonymous_17)","decl":{"start":{"line":100,"column":27},"end":{"line":100,"column":28}},"loc":{"start":{"line":100,"column":33},"end":{"line":100,"column":54}},"line":100},"18":{"name":"(anonymous_18)","decl":{"start":{"line":106,"column":34},"end":{"line":106,"column":35}},"loc":{"start":{"line":106,"column":50},"end":{"line":106,"column":75}},"line":106},"19":{"name":"(anonymous_19)","decl":{"start":{"line":107,"column":34},"end":{"line":107,"column":35}},"loc":{"start":{"line":107,"column":50},"end":{"line":107,"column":75}},"line":107},"20":{"name":"(anonymous_20)","decl":{"start":{"line":110,"column":27},"end":{"line":110,"column":28}},"loc":{"start":{"line":110,"column":33},"end":{"line":110,"column":55}},"line":110},"21":{"name":"(anonymous_21)","decl":{"start":{"line":116,"column":19},"end":{"line":116,"column":20}},"loc":{"start":{"line":117,"column":4},"end":{"line":119,"column":16}},"line":117},"22":{"name":"(anonymous_22)","decl":{"start":{"line":124,"column":19},"end":{"line":124,"column":20}},"loc":{"start":{"line":124,"column":29},"end":{"line":124,"column":52}},"line":124},"23":{"name":"(anonymous_23)","decl":{"start":{"line":139,"column":25},"end":{"line":139,"column":26}},"loc":{"start":{"line":139,"column":31},"end":{"line":139,"column":51}},"line":139},"24":{"name":"(anonymous_24)","decl":{"start":{"line":144,"column":25},"end":{"line":144,"column":26}},"loc":{"start":{"line":145,"column":10},"end":{"line":149,"column":12}},"line":145},"25":{"name":"(anonymous_25)","decl":{"start":{"line":148,"column":30},"end":{"line":148,"column":31}},"loc":{"start":{"line":148,"column":36},"end":{"line":148,"column":63}},"line":148}},"branchMap":{"0":{"loc":{"start":{"line":28,"column":4},"end":{"line":32,"column":5}},"type":"if","locations":[{"start":{"line":28,"column":4},"end":{"line":32,"column":5}},{"start":{},"end":{}}],"line":28},"1":{"loc":{"start":{"line":37,"column":2},"end":{"line":39,"column":3}},"type":"if","locations":[{"start":{"line":37,"column":2},"end":{"line":39,"column":3}},{"start":{},"end":{}}],"line":37},"2":{"loc":{"start":{"line":66,"column":38},"end":{"line":66,"column":74}},"type":"cond-expr","locations":[{"start":{"line":66,"column":55},"end":{"line":66,"column":59}},{"start":{"line":66,"column":62},"end":{"line":66,"column":74}}],"line":66},"3":{"loc":{"start":{"line":94,"column":39},"end":{"line":94,"column":65}},"type":"cond-expr","locations":[{"start":{"line":94,"column":54},"end":{"line":94,"column":60}},{"start":{"line":94,"column":63},"end":{"line":94,"column":65}}],"line":94},"4":{"loc":{"start":{"line":95,"column":39},"end":{"line":95,"column":65}},"type":"cond-expr","locations":[{"start":{"line":95,"column":54},"end":{"line":95,"column":56}},{"start":{"line":95,"column":59},"end":{"line":95,"column":65}}],"line":95},"5":{"loc":{"start":{"line":122,"column":22},"end":{"line":124,"column":53}},"type":"cond-expr","locations":[{"start":{"line":123,"column":6},"end":{"line":123,"column":11}},{"start":{"line":124,"column":6},"end":{"line":124,"column":53}}],"line":122},"6":{"loc":{"start":{"line":131,"column":7},"end":{"line":131,"column":27}},"type":"binary-expr","locations":[{"start":{"line":131,"column":7},"end":{"line":131,"column":12}},{"start":{"line":131,"column":16},"end":{"line":131,"column":27}}],"line":131},"7":{"loc":{"start":{"line":132,"column":7},"end":{"line":136,"column":14}},"type":"binary-expr","locations":[{"start":{"line":132,"column":7},"end":{"line":132,"column":11}},{"start":{"line":133,"column":8},"end":{"line":136,"column":14}}],"line":132},"8":{"loc":{"start":{"line":140,"column":16},"end":{"line":140,"column":45}},"type":"cond-expr","locations":[{"start":{"line":140,"column":26},"end":{"line":140,"column":37}},{"start":{"line":140,"column":40},"end":{"line":140,"column":45}}],"line":140}},"s":{"0":0,"1":0,"2":0,"3":0,"4":0,"5":0,"6":0,"7":0,"8":0,"9":0,"10":0,"11":0,"12":0,"13":0,"14":0,"15":0,"16":0,"17":0,"18":0,"19":0,"20":0,"21":0,"22":0,"23":0,"24":0,"25":0,"26":0,"27":0,"28":0,"29":0,"30":0,"31":0,"32":0,"33":0,"34":0,"35":0,"36":0,"37":0,"38":0,"39":0,"40":0,"41":0,"42":0,"43":0,"44":0,"45":0,"46":0,"47":0,"48":0,"49":0,"50":0,"51":0,"52":0,"53":0,"54":0,"55":0,"56":0,"57":0,"58":0,"59":0,"60":0,"61":0,"62":0,"63":0,"64":0},"f":{"0":0,"1":0,"2":0,"3":0,"4":0,"5":0,"6":0,"7":0,"8":0,"9":0,"10":0,"11":0,"12":0,"13":0,"14":0,"15":0,"16":0,"17":0,"18":0,"19":0,"20":0,"21":0,"22":0,"23":0,"24":0,"25":0},"b":{"0":[0,0],"1":[0,0],"2":[0,0],"3":[0,0],"4":[0,0],"5":[0,0],"6":[0,0],"7":[0,0],"8":[0,0]}}
,"/Users/user/Desktop/DEV/stack/notes_test/part2/src/main.jsx": {"path":"/Users/user/Desktop/DEV/stack/notes_test/part2/src/main.jsx","statementMap":{"0":{"start":{"line":5,"column":0},"end":{"line":5,"column":68}}},"fnMap":{},"branchMap":{},"s":{"0":0},"f":{},"b":{}}
,"/Users/user/Desktop/DEV/stack/notes_test/part2/src/components/Footer.jsx": {"path":"/Users/user/Desktop/DEV/stack/notes_test/part2/src/components/Footer.jsx","statementMap":{"0":{"start":{"line":1,"column":15},"end":{"line":15,"column":1}},"1":{"start":{"line":2,"column":22},"end":{"line":6,"column":3}},"2":{"start":{"line":7,"column":2},"end":{"line":14,"column":3}}},"fnMap":{"0":{"name":"(anonymous_0)","decl":{"start":{"line":1,"column":15},"end":{"line":1,"column":16}},"loc":{"start":{"line":1,"column":21},"end":{"line":15,"column":1}},"line":1}},"branchMap":{},"s":{"0":0,"1":0,"2":0},"f":{"0":0},"b":{}}
,"/Users/user/Desktop/DEV/stack/notes_test/part2/src/components/LoginForm.jsx": {"path":"/Users/user/Desktop/DEV/stack/notes_test/part2/src/components/LoginForm.jsx","statementMap":{"0":{"start":{"line":3,"column":18},"end":{"line":29,"column":1}},"1":{"start":{"line":10,"column":2},"end":{"line":28,"column":3}},"2":{"start":{"line":31,"column":0},"end":{"line":37,"column":1}}},"fnMap":{"0":{"name":"(anonymous_0)","decl":{"start":{"line":3,"column":18},"end":{"line":3,"column":19}},"loc":{"start":{"line":9,"column":6},"end":{"line":29,"column":1}},"line":9}},"branchMap":{},"s":{"0":0,"1":0,"2":0},"f":{"0":0},"b":{}}
,"/Users/user/Desktop/DEV/stack/notes_test/part2/src/components/Note.jsx": {"path":"/Users/user/Desktop/DEV/stack/notes_test/part2/src/components/Note.jsx","statementMap":{"0":{"start":{"line":1,"column":13},"end":{"line":10,"column":1}},"1":{"start":{"line":2,"column":16},"end":{"line":2,"column":72}},"2":{"start":{"line":4,"column":2},"end":{"line":9,"column":3}}},"fnMap":{"0":{"name":"(anonymous_0)","decl":{"start":{"line":1,"column":13},"end":{"line":1,"column":14}},"loc":{"start":{"line":1,"column":45},"end":{"line":10,"column":1}},"line":1}},"branchMap":{"0":{"loc":{"start":{"line":2,"column":16},"end":{"line":2,"column":72}},"type":"cond-expr","locations":[{"start":{"line":2,"column":33},"end":{"line":2,"column":53}},{"start":{"line":2,"column":56},"end":{"line":2,"column":72}}],"line":2}},"s":{"0":1,"1":2,"2":2},"f":{"0":2},"b":{"0":[2,0]},"_coverageSchema":"1a1c01bbd47fc00a2c39e90264f33305004495a9","hash":"321856ea2aa26e11cbc3ef98709118bf5456760e"}
,"/Users/user/Desktop/DEV/stack/notes_test/part2/src/components/NoteForm.jsx": {"path":"/Users/user/Desktop/DEV/stack/notes_test/part2/src/components/NoteForm.jsx","statementMap":{"0":{"start":{"line":3,"column":17},"end":{"line":29,"column":1}},"1":{"start":{"line":4,"column":32},"end":{"line":4,"column":44}},"2":{"start":{"line":6,"column":18},"end":{"line":14,"column":3}},"3":{"start":{"line":7,"column":4},"end":{"line":7,"column":26}},"4":{"start":{"line":8,"column":4},"end":{"line":11,"column":6}},"5":{"start":{"line":13,"column":4},"end":{"line":13,"column":18}},"6":{"start":{"line":16,"column":2},"end":{"line":28,"column":3}},"7":{"start":{"line":20,"column":50},"end":{"line":20,"column":80}}},"fnMap":{"0":{"name":"(anonymous_0)","decl":{"start":{"line":3,"column":17},"end":{"line":3,"column":18}},"loc":{"start":{"line":3,"column":37},"end":{"line":29,"column":1}},"line":3},"1":{"name":"(anonymous_1)","decl":{"start":{"line":6,"column":18},"end":{"line":6,"column":19}},"loc":{"start":{"line":6,"column":29},"end":{"line":14,"column":3}},"line":6},"2":{"name":"(anonymous_2)","decl":{"start":{"line":20,"column":41},"end":{"line":20,"column":42}},"loc":{"start":{"line":20,"column":50},"end":{"line":20,"column":80}},"line":20}},"branchMap":{},"s":{"0":1,"1":19,"2":19,"3":1,"4":1,"5":1,"6":19,"7":17},"f":{"0":19,"1":1,"2":17},"b":{},"_coverageSchema":"1a1c01bbd47fc00a2c39e90264f33305004495a9","hash":"4d2805088eb5ccbdc4861e3c6cef6f108320a31b"}
,"/Users/user/Desktop/DEV/stack/notes_test/part2/src/components/Notification.jsx": {"path":"/Users/user/Desktop/DEV/stack/notes_test/part2/src/components/Notification.jsx","statementMap":{"0":{"start":{"line":1,"column":21},"end":{"line":7,"column":1}},"1":{"start":{"line":2,"column":2},"end":{"line":4,"column":3}},"2":{"start":{"line":3,"column":4},"end":{"line":3,"column":15}},"3":{"start":{"line":6,"column":2},"end":{"line":6,"column":47}}},"fnMap":{"0":{"name":"(anonymous_0)","decl":{"start":{"line":1,"column":21},"end":{"line":1,"column":22}},"loc":{"start":{"line":1,"column":38},"end":{"line":7,"column":1}},"line":1}},"branchMap":{"0":{"loc":{"start":{"line":2,"column":2},"end":{"line":4,"column":3}},"type":"if","locations":[{"start":{"line":2,"column":2},"end":{"line":4,"column":3}},{"start":{},"end":{}}],"line":2}},"s":{"0":0,"1":0,"2":0,"3":0},"f":{"0":0},"b":{"0":[0,0]}}
,"/Users/user/Desktop/DEV/stack/notes_test/part2/src/components/Togglable.jsx": {"path":"/Users/user/Desktop/DEV/stack/notes_test/part2/src/components/Togglable.jsx","statementMap":{"0":{"start":{"line":4,"column":18},"end":{"line":31,"column":2}},"1":{"start":{"line":5,"column":32},"end":{"line":5,"column":47}},"2":{"start":{"line":7,"column":26},"end":{"line":7,"column":60}},"3":{"start":{"line":8,"column":26},"end":{"line":8,"column":60}},"4":{"start":{"line":10,"column":27},"end":{"line":12,"column":3}},"5":{"start":{"line":11,"column":4},"end":{"line":11,"column":24}},"6":{"start":{"line":14,"column":2},"end":{"line":18,"column":4}},"7":{"start":{"line":15,"column":4},"end":{"line":17,"column":5}},"8":{"start":{"line":20,"column":2},"end":{"line":30,"column":3}},"9":{"start":{"line":32,"column":0},"end":{"line":32,"column":32}},"10":{"start":{"line":33,"column":0},"end":{"line":35,"column":1}}},"fnMap":{"0":{"name":"(anonymous_0)","decl":{"start":{"line":4,"column":29},"end":{"line":4,"column":30}},"loc":{"start":{"line":4,"column":45},"end":{"line":31,"column":1}},"line":4},"1":{"name":"(anonymous_1)","decl":{"start":{"line":10,"column":27},"end":{"line":10,"column":28}},"loc":{"start":{"line":10,"column":33},"end":{"line":12,"column":3}},"line":10},"2":{"name":"(anonymous_2)","decl":{"start":{"line":14,"column":27},"end":{"line":14,"column":28}},"loc":{"start":{"line":14,"column":33},"end":{"line":18,"column":3}},"line":14}},"branchMap":{"0":{"loc":{"start":{"line":7,"column":37},"end":{"line":7,"column":58}},"type":"cond-expr","locations":[{"start":{"line":7,"column":47},"end":{"line":7,"column":53}},{"start":{"line":7,"column":56},"end":{"line":7,"column":58}}],"line":7},"1":{"loc":{"start":{"line":8,"column":37},"end":{"line":8,"column":58}},"type":"cond-expr","locations":[{"start":{"line":8,"column":47},"end":{"line":8,"column":49}},{"start":{"line":8,"column":52},"end":{"line":8,"column":58}}],"line":8}},"s":{"0":1,"1":7,"2":7,"3":7,"4":7,"5":3,"6":7,"7":0,"8":7,"9":1,"10":1},"f":{"0":7,"1":3,"2":0},"b":{"0":[2,5],"1":[2,5]},"_coverageSchema":"1a1c01bbd47fc00a2c39e90264f33305004495a9","hash":"d851d7da1f7ce2d3e5e4f1ea6ce744618acbca5f"}
,"/Users/user/Desktop/DEV/stack/notes_test/part2/src/services/login.js": {"path":"/Users/user/Desktop/DEV/stack/notes_test/part2/src/services/login.js","statementMap":{"0":{"start":{"line":2,"column":16},"end":{"line":2,"column":28}},"1":{"start":{"line":4,"column":14},"end":{"line":7,"column":1}},"2":{"start":{"line":5,"column":19},"end":{"line":5,"column":57}},"3":{"start":{"line":6,"column":2},"end":{"line":6,"column":22}}},"fnMap":{"0":{"name":"(anonymous_0)","decl":{"start":{"line":4,"column":14},"end":{"line":4,"column":15}},"loc":{"start":{"line":4,"column":37},"end":{"line":7,"column":1}},"line":4}},"branchMap":{},"s":{"0":0,"1":0,"2":0,"3":0},"f":{"0":0},"b":{}}
,"/Users/user/Desktop/DEV/stack/notes_test/part2/src/services/notes.js": {"path":"/Users/user/Desktop/DEV/stack/notes_test/part2/src/services/notes.js","statementMap":{"0":{"start":{"line":2,"column":16},"end":{"line":2,"column":28}},"1":{"start":{"line":4,"column":12},"end":{"line":4,"column":16}},"2":{"start":{"line":6,"column":17},"end":{"line":8,"column":1}},"3":{"start":{"line":7,"column":2},"end":{"line":7,"column":30}},"4":{"start":{"line":10,"column":15},"end":{"line":13,"column":1}},"5":{"start":{"line":11,"column":18},"end":{"line":11,"column":36}},"6":{"start":{"line":12,"column":2},"end":{"line":12,"column":50}},"7":{"start":{"line":12,"column":36},"end":{"line":12,"column":49}},"8":{"start":{"line":15,"column":15},"end":{"line":21,"column":1}},"9":{"start":{"line":16,"column":17},"end":{"line":18,"column":3}},"10":{"start":{"line":19,"column":19},"end":{"line":19,"column":63}},"11":{"start":{"line":20,"column":2},"end":{"line":20,"column":22}},"12":{"start":{"line":23,"column":15},"end":{"line":26,"column":1}},"13":{"start":{"line":24,"column":18},"end":{"line":24,"column":58}},"14":{"start":{"line":25,"column":2},"end":{"line":25,"column":50}},"15":{"start":{"line":25,"column":36},"end":{"line":25,"column":49}}},"fnMap":{"0":{"name":"(anonymous_0)","decl":{"start":{"line":6,"column":17},"end":{"line":6,"column":18}},"loc":{"start":{"line":6,"column":31},"end":{"line":8,"column":1}},"line":6},"1":{"name":"(anonymous_1)","decl":{"start":{"line":10,"column":15},"end":{"line":10,"column":16}},"loc":{"start":{"line":10,"column":21},"end":{"line":13,"column":1}},"line":10},"2":{"name":"(anonymous_2)","decl":{"start":{"line":12,"column":22},"end":{"line":12,"column":23}},"loc":{"start":{"line":12,"column":36},"end":{"line":12,"column":49}},"line":12},"3":{"name":"(anonymous_3)","decl":{"start":{"line":15,"column":15},"end":{"line":15,"column":16}},"loc":{"start":{"line":15,"column":36},"end":{"line":21,"column":1}},"line":15},"4":{"name":"(anonymous_4)","decl":{"start":{"line":23,"column":15},"end":{"line":23,"column":16}},"loc":{"start":{"line":23,"column":34},"end":{"line":26,"column":1}},"line":23},"5":{"name":"(anonymous_5)","decl":{"start":{"line":25,"column":22},"end":{"line":25,"column":23}},"loc":{"start":{"line":25,"column":36},"end":{"line":25,"column":49}},"line":25}},"branchMap":{},"s":{"0":0,"1":0,"2":0,"3":0,"4":0,"5":0,"6":0,"7":0,"8":0,"9":0,"10":0,"11":0,"12":0,"13":0,"14":0,"15":0},"f":{"0":0,"1":0,"2":0,"3":0,"4":0,"5":0},"b":{}}
}
